0 info it worked if it ends with ok
1 verbose cli [ 'C:\\Program Files\\nodejs\\\\node.exe',
1 verbose cli   'C:\\Program Files\\nodejs\\node_modules\\npm\\bin\\npm-cli.js',
1 verbose cli   'run',
1 verbose cli   'hot-dev-server' ]
2 info using npm@1.4.28
3 info using node@v0.10.33
4 verbose node symlink C:\Program Files\nodejs\\node.exe
5 verbose run-script [ 'prehot-dev-server', 'hot-dev-server', 'posthot-dev-server' ]
6 info prehot-dev-server react-starter@0.0.0
7 info hot-dev-server react-starter@0.0.0
8 verbose unsafe-perm in lifecycle true
9 info react-starter@0.0.0 Failed to exec hot-dev-server script
10 error react-starter@0.0.0 hot-dev-server: `webpack-dev-server --config webpack-hot-dev-server.config.js --hot --progress --colors --port 2992 --inline`
10 error Exit status 8
11 error Failed at the react-starter@0.0.0 hot-dev-server script.
11 error This is most likely a problem with the react-starter package,
11 error not with npm itself.
11 error Tell the author that this fails on your system:
11 error     webpack-dev-server --config webpack-hot-dev-server.config.js --hot --progress --colors --port 2992 --inline
11 error You can get their info via:
11 error     npm owner ls react-starter
11 error There is likely additional logging output above.
12 error System Windows_NT 6.1.7601
13 error command "C:\\Program Files\\nodejs\\\\node.exe" "C:\\Program Files\\nodejs\\node_modules\\npm\\bin\\npm-cli.js" "run" "hot-dev-server"
14 error cwd C:\Users\549764\Documents\GitHub\barwell-fe
15 error node -v v0.10.33
16 error npm -v 1.4.28
17 error code ELIFECYCLE
18 verbose exit [ 1, true ]
